
=== Thu May 26 18:32:24 2022

Packages were changed.
Update Mode: updateDependencies

The following packages were added:
  com.unity.2d.sprite@1.0.0
  com.unity.2d.tilemap@1.0.0
  com.unity.ide.rider@1.2.1
  com.unity.ide.visualstudio@2.0.14
  com.unity.ide.vscode@1.2.4
  com.unity.modules.androidjni@1.0.0
  com.unity.multiplayer-hlapi@1.0.8
  com.unity.test-framework@1.1.30
  com.unity.timeline@1.2.18
  com.unity.ugui@1.0.0
  com.unity.xr.legacyinputhelpers@2.1.8
The following packages were updated:
  com.unity.ads from version 2.0.8 to 3.7.5
  com.unity.analytics from version 3.2.2 to 3.6.12
  com.unity.collab-proxy from version 1.2.15 to 1.14.12
  com.unity.purchasing from version 2.0.3 to 4.1.2
  com.unity.textmeshpro from version 1.3.0 to 2.1.4
The following packages were removed:
  com.unity.package-manager-ui@2.0.3

=== Mon May 30 10:57:40 2022

Packages were changed.
Update Mode: updateDependencies

The following packages were updated:
  com.unity.collab-proxy from version 1.14.12 to 1.14.13
  com.unity.ide.vscode from version 1.2.4 to 1.2.5
  com.unity.purchasing from version 4.1.2 to 4.1.3
  com.unity.test-framework from version 1.1.30 to 1.1.31
  com.unity.xr.legacyinputhelpers from version 2.1.8 to 2.1.9
